[     254ms] [ERROR] Failed to load resource: the server responded with a status of 404 () @ https://app.gohighlevel.com/v2/location/ctGiSfuydlm90NJWq6RV/dashboard:0
[    1160ms] [WARNING] The PerformanceObserver does not support buffered flag with the entryTypes argument. @ https://static.leadconnectorhq.com/1319/js/chunk.CFTHSyyI.js:57
[    1376ms] [ERROR] The user is not logged in. user_not_logged_in @ https://static.leadconnectorhq.com/1319/js/chunk.C1si3Vuy.js:16
[    1677ms] [ERROR] TypeError: Cannot read properties of undefined (reading 'split')
    at Rs (https://static.leadconnectorhq.com/1319/js/chunk.DEhfF5Ck.js:23:166571)
    at Store.refreshFirebaseToken (https://static.leadconnectorhq.com/1319/js/chunk.DEhfF5Ck.js:23:175845) @ https://static.leadconnectorhq.com/1319/js/chunk.C1si3Vuy.js:16
[    1810ms] [ERROR] Failed to load resource: the server responded with a status of 401 () @ https://backend.leadconnectorhq.com/oauth/2/login/signin/refresh?version=2&location_id=ctGiSfuydlm90NJWq6RV:0
[    1812ms] [ERROR] Error in refreshing firebase token : {"message":"Request failed with status code 401","name":"AxiosError","stack":"AxiosError: Request failed with status code 401\n    at ft (https://static.leadconnectorhq.com/1319/js/chunk.D3OXGnIM.js:3:1096)\n    at XMLHttpRequest.g (https://static.leadconnectorhq.com/1319/js/chunk.D3OXGnIM.js:3:5695)\n    at re.request (https://static.leadconnectorhq.com/1319/js/chunk.D3OXGnIM.js:5:1947)\n    at async Store.refreshFirebaseToken (https://static.leadconnectorhq.com/1319/js/chunk.DEhfF5Ck.js:23:176003)","config":{"transitional":{"silentJSONParsing":true,"forcedJSONParsing":true,"clarifyTimeoutError":false},"adapter":["xhr","http","fetch"],"transformRequest":[null],"transformResponse":[null],"timeout":0,"xsrfCookieName":"XSRF-TOKEN","xsrfHeaderName":"X-XSRF-TOKEN","maxContentLength":-1,"maxBodyLength":-1,"env":{},"headers":{"Accept":"application/json, text/plain, */*","Content-Type":"application/json","channel":"APP","source":"WEB_USER","version":"2021-07-28","x-translations-lang":"en-US","token-id":"","app-name":"spm-ts","route-path":"https://app.gohighlevel.com/v2/location/ctGiSfuydlm90NJWq6RV/dashboard","route-pattern":"https://app.gohighlevel.com/v2/location/ctGiSfuydlm90NJWq6RV/dashboard"},"baseURL":"https://backend.leadconnectorhq.com/oauth","method":"post","url":"/2/login/signin/refresh?version=2&location_id=ctGiSfuydlm90NJWq6RV","data":"{}","allowAbsoluteUrls":true},"code":"ERR_BAD_REQUEST","status":401} @ https://static.leadconnectorhq.com/1319/js/chunk.C1si3Vuy.js:16
[    1813ms] [ERROR] Bootstrap - Error while checking firebase token The user is not logged in. user_not_logged_in @ https://static.leadconnectorhq.com/1319/js/chunk.C1si3Vuy.js:16
[    1966ms] [ERROR] Failed to load resource: the server responded with a status of 401 () @ https://backend.leadconnectorhq.com/users/search?companyId=&locationId=ctGiSfuydlm90NJWq6RV&limit=500&skip=0:0
[    1968ms] [ERROR] Error fetching users by location: I @ https://static.leadconnectorhq.com/1319/js/chunk.C1si3Vuy.js:16
[    1969ms] [ERROR] Failed to load resource: the server responded with a status of 401 () @ https://backend.leadconnectorhq.com/calendars/configuration/location/ctGiSfuydlm90NJWq6RV:0
[    1978ms] [ERROR] Failed to load resource: the server responded with a status of 401 () @ https://backend.leadconnectorhq.com/saas-billing-v2/billing-config/LOCATION/ctGiSfuydlm90NJWq6RV/conversationAI?optIn=true:0
[    1981ms] [ERROR] Failed to load resource: the server responded with a status of 401 () @ https://backend.leadconnectorhq.com/objects/?locationId=ctGiSfuydlm90NJWq6RV:0
[    1983ms] [ERROR] [customObjectsStore] syncAll failed: I @ https://static.leadconnectorhq.com/1319/js/chunk.C1si3Vuy.js:16
[    1994ms] [ERROR] Failed to load resource: the server responded with a status of 401 () @ https://services.leadconnectorhq.com/labs/feature-flags/location/ctGiSfuydlm90NJWq6RV:0
[    1996ms] [ERROR] [featureFlags] syncAll failed: I @ https://static.leadconnectorhq.com/1319/js/chunk.C1si3Vuy.js:16
[    2097ms] [ERROR] Failed to load resource: the server responded with a status of 401 () @ https://backend.leadconnectorhq.com/locations/ctGiSfuydlm90NJWq6RV/customFields/search?parentId=&skip=0&limit=10000&documentType=folder&model=all&query=&includeStandards=true:0
[    2099ms] [ERROR] [RouterHelper.dispatchSyncAlls] locationCustomFields/syncAll failed: I @ https://static.leadconnectorhq.com/1319/js/chunk.C1si3Vuy.js:16
[    2100ms] [ERROR] [RouterHelper.dispatchSyncAlls] conversationAi/fetchConversationAIOptInForLocation failed: I @ https://static.leadconnectorhq.com/1319/js/chunk.C1si3Vuy.js:16
[    2150ms] [WARNING] [GSI_LOGGER]: Failed to render button before calling initialize(). @ https://static.leadconnectorhq.com/1319/js/chunk.C1si3Vuy.js:16
[    2188ms] [ERROR] Not signed in with the identity provider. @ https://app.gohighlevel.com/?url=%252Fv2%252Flocation%252FctGiSfuydlm90NJWq6RV%252Fdashboard:0
[    2216ms] [ERROR] FirebaseError: Missing or insufficient permissions. @ https://static.leadconnectorhq.com/1319/js/chunk.C1si3Vuy.js:16
[    2221ms] Missing or insufficient permissions.
[    2245ms] [WARNING] [GSI_LOGGER]: google.accounts.id.initialize() is called multiple times. This could cause unexpected behavior and only the last initialized instance will be used. @ https://static.leadconnectorhq.com/1319/js/chunk.C1si3Vuy.js:16
[    2278ms] [ERROR] [GSI_LOGGER]: FedCM get() rejects with NotAllowedError: Only one navigator.credentials.get request may be outstanding at one time. @ https://static.leadconnectorhq.com/1319/js/chunk.C1si3Vuy.js:16
[    2278ms] [ERROR] Only one navigator.credentials.get request may be outstanding at one time. @ https://app.gohighlevel.com/?url=%252Fv2%252Flocation%252FctGiSfuydlm90NJWq6RV%252Fdashboard:0
[    5614ms] [ERROR] [GSI_LOGGER]: FedCM get() rejects with NetworkError: Error retrieving a token. @ https://static.leadconnectorhq.com/1319/js/chunk.C1si3Vuy.js:16
